TN:
SF:/Users/lbalmaceda/NodeJS/react-native-auth0/auth/auth0Error.js
FN:4,(anonymous_0)
FNF:1
FNH:1
FNDA:2,(anonymous_0)
DA:5,2
DA:6,2
DA:7,2
DA:11,2
DA:12,2
DA:13,2
LF:6
LH:6
BRDA:5,0,0,1
BRDA:8,1,0,2
BRDA:8,1,1,1
BRDA:9,2,0,2
BRDA:9,2,1,1
BRDA:9,2,2,0
BRF:6
BRH:5
end_of_record
TN:
SF:/Users/lbalmaceda/NodeJS/react-native-auth0/auth/authError.js
FN:4,(anonymous_0)
FNF:1
FNH:1
FNDA:12,(anonymous_0)
DA:5,12
DA:6,12
DA:7,12
DA:11,12
DA:12,12
LF:5
LH:5
BRDA:5,0,0,6
BRDA:8,1,0,12
BRDA:8,1,1,6
BRDA:9,2,0,12
BRDA:9,2,1,6
BRDA:9,2,2,0
BRF:6
BRH:5
end_of_record
TN:
SF:/Users/lbalmaceda/NodeJS/react-native-auth0/auth/index.js
FN:7,responseHandler
FN:22,(anonymous_1)
FN:44,(anonymous_2)
FN:75,(anonymous_3)
FN:101,(anonymous_4)
FN:135,(anonymous_5)
FN:168,(anonymous_6)
FN:196,(anonymous_7)
FN:210,(anonymous_8)
FN:227,(anonymous_9)
FN:262,(anonymous_10)
FN:277,(anonymous_11)
FN:292,(anonymous_12)
FN:313,(anonymous_13)
FN:332,(anonymous_14)
FNF:15
FNH:15
FNDA:17,responseHandler
FNDA:4,(anonymous_1)
FNDA:2,(anonymous_2)
FNDA:3,(anonymous_3)
FNDA:4,(anonymous_4)
FNDA:4,(anonymous_5)
FNDA:4,(anonymous_6)
FNDA:4,(anonymous_7)
FNDA:4,(anonymous_8)
FNDA:5,(anonymous_9)
FNDA:5,(anonymous_10)
FNDA:4,(anonymous_11)
FNDA:4,(anonymous_12)
FNDA:6,(anonymous_13)
FNDA:6,(anonymous_14)
DA:8,17
DA:9,9
DA:11,8
DA:23,4
DA:24,3
DA:25,3
DA:26,1
DA:28,2
DA:29,2
DA:45,2
DA:56,2
DA:76,3
DA:86,3
DA:102,4
DA:112,4
DA:136,4
DA:148,4
DA:169,4
DA:178,4
DA:197,4
DA:205,4
DA:211,4
DA:212,2
DA:214,2
DA:228,5
DA:236,5
DA:237,5
DA:238,5
DA:260,5
DA:263,5
DA:278,4
DA:287,4
DA:293,4
DA:294,2
DA:296,2
DA:314,6
DA:327,6
DA:333,6
DA:334,4
DA:336,2
LF:40
LH:40
BRDA:7,0,0,12
BRDA:8,1,0,9
BRDA:8,1,1,8
BRDA:8,2,0,17
BRDA:8,2,1,9
BRDA:22,3,0,0
BRDA:25,4,0,1
BRDA:25,4,1,2
BRDA:44,5,0,0
BRDA:75,6,0,0
BRDA:101,7,0,0
BRDA:135,8,0,0
BRDA:168,9,0,0
BRDA:196,10,0,0
BRDA:211,11,0,2
BRDA:211,11,1,2
BRDA:227,12,0,0
BRDA:277,13,0,0
BRDA:293,14,0,2
BRDA:293,14,1,2
BRDA:313,15,0,0
BRDA:333,16,0,4
BRDA:333,16,1,2
BRDA:333,17,0,6
BRDA:333,17,1,4
BRF:25
BRH:15
end_of_record
TN:
SF:/Users/lbalmaceda/NodeJS/react-native-auth0/management/error.js
FN:4,(anonymous_0)
FNF:1
FNH:1
FNDA:4,(anonymous_0)
DA:5,4
DA:6,4
DA:7,4
DA:8,4
DA:9,4
DA:10,4
LF:6
LH:6
BRDA:5,0,0,2
BRDA:7,1,0,4
BRDA:7,1,1,2
BRDA:7,2,0,4
BRDA:7,2,1,2
BRDA:7,2,2,0
BRF:6
BRH:5
end_of_record
TN:
SF:/Users/lbalmaceda/NodeJS/react-native-auth0/management/users.js
FN:6,responseHandler
FN:34,(anonymous_1)
FN:51,(anonymous_2)
FN:62,(anonymous_3)
FN:82,(anonymous_4)
FN:96,(anonymous_5)
FNF:6
FNH:6
FNDA:8,responseHandler
FNDA:4,(anonymous_1)
FNDA:4,(anonymous_2)
FNDA:4,(anonymous_3)
FNDA:4,(anonymous_4)
FNDA:4,(anonymous_5)
DA:7,8
DA:8,4
DA:10,4
DA:13,1
DA:35,4
DA:36,3
DA:37,1
DA:52,4
DA:60,4
DA:63,4
DA:83,4
DA:92,4
DA:97,4
LF:13
LH:13
BRDA:6,0,0,0
BRDA:7,1,0,4
BRDA:7,1,1,4
BRDA:7,2,0,8
BRDA:7,2,1,4
BRDA:34,3,0,0
BRDA:36,4,0,1
BRDA:36,4,1,2
BRDA:51,5,0,0
BRDA:82,6,0,0
BRF:10
BRH:6
end_of_record
TN:
SF:/Users/lbalmaceda/NodeJS/react-native-auth0/networking/index.js
FN:6,(anonymous_0)
FN:28,(anonymous_1)
FN:32,(anonymous_2)
FN:36,(anonymous_3)
FN:40,(anonymous_4)
FN:53,(anonymous_5)
FN:68,(anonymous_6)
FN:76,(anonymous_7)
FN:79,(anonymous_8)
FN:82,(anonymous_9)
FN:85,(anonymous_10)
FN:92,(anonymous_11)
FNF:12
FNH:11
FNDA:21,(anonymous_0)
FNDA:31,(anonymous_1)
FNDA:9,(anonymous_2)
FNDA:14,(anonymous_3)
FNDA:62,(anonymous_4)
FNDA:54,(anonymous_5)
FNDA:51,(anonymous_6)
FNDA:35,(anonymous_7)
FNDA:16,(anonymous_8)
FNDA:0,(anonymous_9)
FNDA:16,(anonymous_10)
FNDA:61,(anonymous_11)
DA:7,21
DA:8,20
DA:9,2
DA:11,18
DA:12,18
DA:13,18
DA:14,1
DA:15,1
DA:17,18
DA:18,18
DA:22,18
DA:23,18
DA:24,10
DA:29,31
DA:33,9
DA:37,14
DA:41,62
DA:42,62
DA:43,11
DA:44,11
DA:45,11
DA:46,7
DA:48,11
DA:50,62
DA:54,54
DA:62,54
DA:63,28
DA:65,54
DA:66,38
DA:68,54
DA:69,51
DA:74,51
DA:77,35
DA:80,16
DA:83,0
DA:86,16
DA:93,61
LF:37
LH:36
BRDA:7,0,0,10
BRDA:8,1,0,2
BRDA:8,1,1,18
BRDA:11,2,0,8
BRDA:11,3,0,8
BRDA:13,4,0,1
BRDA:13,4,1,17
BRDA:19,5,0,11
BRDA:19,5,1,7
BRDA:19,6,0,18
BRDA:19,6,1,8
BRDA:22,7,0,18
BRDA:22,7,1,7
BRDA:23,8,0,10
BRDA:23,8,1,8
BRDA:40,9,0,54
BRDA:42,10,0,11
BRDA:42,10,1,51
BRDA:42,11,0,62
BRDA:42,11,1,10
BRDA:42,11,2,52
BRDA:44,12,0,11
BRDA:44,12,1,1
BRDA:45,13,0,7
BRDA:45,13,1,4
BRDA:62,14,0,28
BRDA:62,14,1,26
BRDA:65,15,0,38
BRDA:65,15,1,16
BRF:29
BRH:29
end_of_record
TN:
SF:/Users/lbalmaceda/NodeJS/react-native-auth0/networking/telemetry.js
FNF:0
FNH:0
DA:2,4
LF:1
LH:1
BRF:0
BRH:0
end_of_record
TN:
SF:/Users/lbalmaceda/NodeJS/react-native-auth0/utils/baseError.js
FN:2,(anonymous_0)
FNF:1
FNH:1
FNDA:19,(anonymous_0)
DA:3,19
DA:4,19
DA:5,19
DA:7,19
DA:8,19
LF:5
LH:5
BRDA:4,0,0,19
BRDA:4,0,1,0
BRF:2
BRH:1
end_of_record
TN:
SF:/Users/lbalmaceda/NodeJS/react-native-auth0/utils/camel.js
FN:1,snakeToCamel
FN:3,(anonymous_1)
FN:8,toCamelCase
FN:19,(anonymous_3)
FNF:4
FNH:4
FNDA:87,snakeToCamel
FNDA:46,(anonymous_1)
FNDA:76,toCamelCase
FNDA:131,(anonymous_3)
DA:2,87
DA:3,87
DA:4,46
DA:9,76
DA:14,59
DA:17,17
DA:19,17
DA:20,131
DA:22,131
DA:25,131
DA:26,131
DA:30,2
LF:12
LH:12
BRDA:8,0,0,63
BRDA:9,1,0,59
BRDA:9,1,1,17
BRDA:10,2,0,76
BRDA:10,2,1,17
BRDA:10,2,2,17
BRDA:17,3,0,10
BRDA:17,4,0,10
BRDA:17,5,0,13
BRDA:22,6,0,87
BRDA:22,6,1,44
BRDA:22,7,0,131
BRDA:22,7,1,49
BRDA:22,7,2,82
BRDA:22,7,3,82
BRDA:25,8,0,72
BRDA:25,8,1,59
BRF:17
BRH:17
end_of_record
TN:
SF:/Users/lbalmaceda/NodeJS/react-native-auth0/utils/whitelist.js
FN:4,(anonymous_0)
FN:15,apply
FN:19,(anonymous_2)
FN:20,(anonymous_3)
FN:31,(anonymous_4)
FNF:5
FNH:5
FNDA:1,(anonymous_0)
FNDA:51,apply
FNDA:142,(anonymous_2)
FNDA:88,(anonymous_3)
FNDA:88,(anonymous_4)
DA:5,1
DA:9,1
DA:10,1
DA:11,1
DA:16,51
DA:17,51
DA:18,51
DA:19,142
DA:20,88
DA:21,51
DA:22,122
DA:23,122
DA:24,122
DA:25,122
DA:26,108
DA:27,14
DA:28,2
DA:31,88
DA:32,51
DA:33,1
DA:35,50
LF:21
LH:21
BRDA:16,0,0,48
BRDA:16,1,0,44
BRDA:20,2,0,88
BRDA:20,2,1,68
BRDA:23,3,0,122
BRDA:23,3,1,121
BRDA:25,4,0,108
BRDA:25,4,1,14
BRDA:25,5,0,122
BRDA:25,5,1,108
BRDA:26,6,0,108
BRDA:26,6,1,84
BRDA:27,7,0,2
BRDA:27,7,1,12
BRDA:27,8,0,14
BRDA:27,8,1,14
BRDA:32,9,0,1
BRDA:32,9,1,50
BRF:18
BRH:18
end_of_record
TN:
SF:/Users/lbalmaceda/NodeJS/react-native-auth0/webauth/agent.js
FN:4,(anonymous_0)
FN:13,(anonymous_1)
FN:14,(anonymous_2)
FN:20,(anonymous_3)
FN:33,(anonymous_4)
FN:42,(anonymous_5)
FN:43,(anonymous_6)
FNF:7
FNH:7
FNDA:8,(anonymous_0)
FNDA:7,(anonymous_1)
FNDA:4,(anonymous_2)
FNDA:3,(anonymous_3)
FNDA:2,(anonymous_4)
FNDA:1,(anonymous_5)
FNDA:1,(anonymous_6)
DA:5,8
DA:6,1
DA:13,7
DA:14,7
DA:15,4
DA:16,4
DA:17,4
DA:19,7
DA:20,7
DA:21,3
DA:22,3
DA:23,2
DA:24,1
DA:25,0
DA:26,1
DA:27,1
DA:34,2
DA:35,1
DA:42,1
DA:43,1
DA:44,1
LF:21
LH:20
BRDA:4,0,0,7
BRDA:5,1,0,1
BRDA:5,1,1,7
BRDA:22,2,0,2
BRDA:22,2,1,1
BRDA:24,3,0,0
BRDA:24,3,1,1
BRDA:26,4,0,1
BRDA:26,4,1,0
BRDA:34,5,0,1
BRDA:34,5,1,1
BRF:11
BRH:9
end_of_record
